platforms/android/app/build/outputs/logs/manifest-merger-debug-report.txt
-- Merging decision tree log ---
manifest
ADDED from src\main\AndroidManifest.xml:2:1-43:12
INJECTED from src\main\AndroidManifest.xml:2:1-43:12
INJECTED from src\main\AndroidManifest.xml:2:1-43:12
INJECTED from src\main\AndroidManifest.xml:2:1-43:12
MERGED from [com.android.support:design:28.0.0] AndroidManifest.xml:17:1-24:12
MERGED from [com.android.support:cardview-v7:28.0.0] AndroidManifest.xml:17:1-22:12
MERGED from [com.android.support:support-v4:28.0.0] AndroidManifest.xml:17:1-22:12
MERGED from [com.android.support:appcompat-v7:28.0.0] AndroidManifest.xml:17:1-22:12
MERGED from [com.android.support:recyclerview-v7:28.0.0] AndroidManifest.xml:17:1-22:12
MERGED from [com.android.support:multidex:1.0.2] AndroidManifest.xml:17:1-22:12
MERGED from [:nativescript-optimized-with-inspector:] AndroidManifest.xml:2:1-11:12
MERGED from [:barcodescanner-release-2.1.6:] AndroidManifest.xml:2:1-14:12
MERGED from [:nativescript_barcodescanner:] AndroidManifest.xml:2:1-32:12
MERGED from [:nativescript_loading_indicator:] AndroidManifest.xml:2:1-9:12
MERGED from [:app-release:] AndroidManifest.xml:2:1-36:12
MERGED from [:TNSAutoComplete-release:] AndroidManifest.xml:2:1-11:12
MERGED from [:TNSCalendar-release:] AndroidManifest.xml:2:1-11:12
MERGED from [:TNSChart-release:] AndroidManifest.xml:2:1-11:12
MERGED from [:TNSDataForm-release:] AndroidManifest.xml:2:1-11:12
MERGED from [:TNSGauge-release:] AndroidManifest.xml:2:1-11:12
MERGED from [:TNSListView-release:] AndroidManifest.xml:2:1-11:12
MERGED from [:TNSSideDrawer-release:] AndroidManifest.xml:2:1-11:12
MERGED from [:TNSCore-release:] AndroidManifest.xml:2:1-11:12
MERGED from [:widgets-release:] AndroidManifest.xml:2:1-14:12
MERGED from [com.android.support:support-media-compat:28.0.0] AndroidManifest.xml:17:1-22:12
MERGED from [com.android.support:support-fragment:28.0.0] AndroidManifest.xml:17:1-22:12
MERGED from [com.android.support:animated-vector-drawable:28.0.0] AndroidManifest.xml:17:1-22:12
MERGED from [com.android.support:support-core-ui:28.0.0] AndroidManifest.xml:17:1-22:12
MERGED from [com.android.support:support-core-utils:28.0.0] AndroidManifest.xml:17:1-22:12
MERGED from [com.android.support:support-vector-drawable:28.0.0] AndroidManifest.xml:17:1-22:12
MERGED from [com.android.support:transition:28.0.0] AndroidManifest.xml:17:1-22:12
MERGED from [com.android.support:loader:28.0.0] AndroidManifest.xml:17:1-22:12
MERGED from [com.android.support:viewpager:28.0.0] AndroidManifest.xml:17:1-22:12
MERGED from [com.android.support:coordinatorlayout:28.0.0] AndroidManifest.xml:17:1-22:12
MERGED from [com.android.support:drawerlayout:28.0.0] AndroidManifest.xml:17:1-22:12
MERGED from [com.android.support:slidingpanelayout:28.0.0] AndroidManifest.xml:17:1-22:12
MERGED from [com.android.support:customview:28.0.0] AndroidManifest.xml:17:1-22:12
MERGED from [com.android.support:swiperefreshlayout:28.0.0] AndroidManifest.xml:17:1-22:12
MERGED from [com.android.support:asynclayoutinflater:28.0.0] AndroidManifest.xml:17:1-22:12
MERGED from [com.android.support:support-compat:28.0.0] AndroidManifest.xml:17:1-24:12
MERGED from [com.android.support:versionedparcelable:28.0.0] AndroidManifest.xml:17:1-25:12
MERGED from [com.android.support:cursoradapter:28.0.0] AndroidManifest.xml:17:1-22:12
MERGED from [android.arch.lifecycle:runtime:1.1.1] AndroidManifest.xml:17:1-22:12
MERGED from [com.android.support:documentfile:28.0.0] AndroidManifest.xml:17:1-22:12
MERGED from [com.android.support:localbroadcastmanager:28.0.0] AndroidManifest.xml:17:1-22:12
MERGED from [com.android.support:print:28.0.0] AndroidManifest.xml:17:1-22:12
MERGED from [com.android.support:interpolator:28.0.0] AndroidManifest.xml:17:1-22:12
MERGED from [android.arch.lifecycle:viewmodel:1.1.1] AndroidManifest.xml:17:1-22:12
MERGED from [android.arch.lifecycle:livedata:1.1.1] AndroidManifest.xml:17:1-22:12
MERGED from [android.arch.lifecycle:livedata-core:1.1.1] AndroidManifest.xml:17:1-22:12
MERGED from [android.arch.core:runtime:1.1.1] AndroidManifest.xml:17:1-22:12
INJECTED from src\main\AndroidManifest.xml:2:1-43:12
INJECTED from src\main\AndroidManifest.xml:2:1-43:12
INJECTED from src\main\AndroidManifest.xml:2:1-43:12
	package
		ADDED from src\main\AndroidManifest.xml:3:2-37
		INJECTED from src\main\AndroidManifest.xml
		INJECTED from src\main\AndroidManifest.xml
	android:versionName
		ADDED from src\main\AndroidManifest.xml:5:2-27
		INJECTED from src\main\AndroidManifest.xml
		INJECTED from src\main\AndroidManifest.xml
	xmlns:android
		ADDED from src\main\AndroidManifest.xml:2:11-69
	android:versionCode
		ADDED from src\main\AndroidManifest.xml:4:2-25
		INJECTED from src\main\AndroidManifest.xml
		INJECTED from src\main\AndroidManifest.xml
supports-screens
ADDED from src\main\AndroidManifest.xml:7:2-11:33
	android:largeScreens
		ADDED from src\main\AndroidManifest.xml:10:3-30
	android:smallScreens
		ADDED from src\main\AndroidManifest.xml:8:3-30
	android:normalScreens
		ADDED from src\main\AndroidManifest.xml:9:3-31
	android:xlargeScreens
		ADDED from src\main\AndroidManifest.xml:11:3-31
uses-sdk
ADDED from src\main\AndroidManifest.xml:13:2-15:34
INJECTED from src\main\AndroidManifest.xml:13:2-15:34
INJECTED from src\main\AndroidManifest.xml:13:2-15:34
MERGED from [com.android.support:design:28.0.0] AndroidManifest.xml:20:5-44
MERGED from [com.android.support:design:28.0.0] AndroidManifest.xml:20:5-44
MERGED from [com.android.support:cardview-v7:28.0.0] AndroidManifest.xml:20:5-44
MERGED from [com.android.support:cardview-v7:28.0.0] AndroidManifest.xml:20:5-44
MERGED from [com.android.support:support-v4:28.0.0] AndroidManifest.xml:20:5-44
MERGED from [com.android.support:support-v4:28.0.0] AndroidManifest.xml:20:5-44
MERGED from [com.android.support:appcompat-v7:28.0.0] AndroidManifest.xml:20:5-44
MERGED from [com.android.support:appcompat-v7:28.0.0] AndroidManifest.xml:20:5-44
MERGED from [com.android.support:recyclerview-v7:28.0.0] AndroidManifest.xml:20:5-44
MERGED from [com.android.support:recyclerview-v7:28.0.0] AndroidManifest.xml:20:5-44
MERGED from [com.android.support:multidex:1.0.2] AndroidManifest.xml:20:5-43
MERGED from [com.android.support:multidex:1.0.2] AndroidManifest.xml:20:5-43
MERGED from [:nativescript-optimized-with-inspector:] AndroidManifest.xml:7:5-9:41
MERGED from [:nativescript-optimized-with-inspector:] AndroidManifest.xml:7:5-9:41
MERGED from [:barcodescanner-release-2.1.6:] AndroidManifest.xml:7:5-9:41
MERGED from [:barcodescanner-release-2.1.6:] AndroidManifest.xml:7:5-9:41
MERGED from [:nativescript_barcodescanner:] AndroidManifest.xml:7:5-47
MERGED from [:nativescript_barcodescanner:] AndroidManifest.xml:7:5-47
MERGED from [:nativescript_loading_indicator:] AndroidManifest.xml:7:5-47
MERGED from [:nativescript_loading_indicator:] AndroidManifest.xml:7:5-47
MERGED from [:app-release:] AndroidManifest.xml:7:5-9:41
MERGED from [:app-release:] AndroidManifest.xml:7:5-9:41
MERGED from [:TNSAutoComplete-release:] AndroidManifest.xml:7:5-9:41
MERGED from [:TNSAutoComplete-release:] AndroidManifest.xml:7:5-9:41
MERGED from [:TNSCalendar-release:] AndroidManifest.xml:7:5-9:41
MERGED from [:TNSCalendar-release:] AndroidManifest.xml:7:5-9:41
MERGED from [:TNSChart-release:] AndroidManifest.xml:7:5-9:41
MERGED from [:TNSChart-release:] AndroidManifest.xml:7:5-9:41
MERGED from [:TNSDataForm-release:] AndroidManifest.xml:7:5-9:41
MERGED from [:TNSDataForm-release:] AndroidManifest.xml:7:5-9:41
MERGED from [:TNSGauge-release:] AndroidManifest.xml:7:5-9:41
MERGED from [:TNSGauge-release:] AndroidManifest.xml:7:5-9:41
MERGED from [:TNSListView-release:] AndroidManifest.xml:7:5-9:41
MERGED from [:TNSListView-release:] AndroidManifest.xml:7:5-9:41
MERGED from [:TNSSideDrawer-release:] AndroidManifest.xml:7:5-9:41
MERGED from [:TNSSideDrawer-release:] AndroidManifest.xml:7:5-9:41
MERGED from [:TNSCore-release:] AndroidManifest.xml:7:5-9:41
MERGED from [:TNSCore-release:] AndroidManifest.xml:7:5-9:41
MERGED from [:widgets-release:] AndroidManifest.xml:7:5-9:41
MERGED from [:widgets-release:] AndroidManifest.xml:7:5-9:41
MERGED from [com.android.support:support-media-compat:28.0.0] AndroidManifest.xml:20:5-44
MERGED from [com.android.support:support-media-compat:28.0.0] AndroidManifest.xml:20:5-44
MERGED from [com.android.support:support-fragment:28.0.0] AndroidManifest.xml:20:5-44
MERGED from [com.android.support:support-fragment:28.0.0] AndroidManifest.xml:20:5-44
MERGED from [com.android.support:animated-vector-drawable:28.0.0] AndroidManifest.xml:20:5-44
MERGED from [com.android.support:animated-vector-drawable:28.0.0] AndroidManifest.xml:20:5-44
MERGED from [com.android.support:support-core-ui:28.0.0] AndroidManifest.xml:20:5-44
MERGED from [com.android.support:support-core-ui:28.0.0] AndroidManifest.xml:20:5-44
MERGED from [com.android.support:support-core-utils:28.0.0] AndroidManifest.xml:20:5-44
MERGED from [com.android.support:support-core-utils:28.0.0] AndroidManifest.xml:20:5-44
MERGED from [com.android.support:support-vector-drawable:28.0.0] AndroidManifest.xml:20:5-44
MERGED from [com.android.support:support-vector-drawable:28.0.0] AndroidManifest.xml:20:5-44
MERGED from [com.android.support:transition:28.0.0] AndroidManifest.xml:20:5-44
MERGED from [com.android.support:transition:28.0.0] AndroidManifest.xml:20:5-44
MERGED from [com.android.support:loader:28.0.0] AndroidManifest.xml:20:5-44
MERGED from [com.android.support:loader:28.0.0] AndroidManifest.xml:20:5-44
MERGED from [com.android.support:viewpager:28.0.0] AndroidManifest.xml:20:5-44
MERGED from [com.android.support:viewpager:28.0.0] AndroidManifest.xml:20:5-44
MERGED from [com.android.support:coordinatorlayout:28.0.0] AndroidManifest.xml:20:5-44
MERGED from [com.android.support:coordinatorlayout:28.0.0] AndroidManifest.xml:20:5-44
MERGED from [com.android.support:drawerlayout:28.0.0] AndroidManifest.xml:20:5-44
MERGED from [com.android.support:drawerlayout:28.0.0] AndroidManifest.xml:20:5-44
MERGED from [com.android.support:slidingpanelayout:28.0.0] AndroidManifest.xml:20:5-44
MERGED from [com.android.support:slidingpanelayout:28.0.0] AndroidManifest.xml:20:5-44
MERGED from [com.android.support:customview:28.0.0] AndroidManifest.xml:20:5-44
MERGED from [com.android.support:customview:28.0.0] AndroidManifest.xml:20:5-44
MERGED from [com.android.support:swiperefreshlayout:28.0.0] AndroidManifest.xml:20:5-44
MERGED from [com.android.support:swiperefreshlayout:28.0.0] AndroidManifest.xml:20:5-44
MERGED from [com.android.support:asynclayoutinflater:28.0.0] AndroidManifest.xml:20:5-44
MERGED from [com.android.support:asynclayoutinflater:28.0.0] AndroidManifest.xml:20:5-44
MERGED from [com.android.support:support-compat:28.0.0] AndroidManifest.xml:20:5-44
MERGED from [com.android.support:support-compat:28.0.0] AndroidManifest.xml:20:5-44
MERGED from [com.android.support:versionedparcelable:28.0.0] AndroidManifest.xml:20:5-44
MERGED from [com.android.support:versionedparcelable:28.0.0] AndroidManifest.xml:20:5-44
MERGED from [com.android.support:cursoradapter:28.0.0] AndroidManifest.xml:20:5-44
MERGED from [com.android.support:cursoradapter:28.0.0] AndroidManifest.xml:20:5-44
MERGED from [android.arch.lifecycle:runtime:1.1.1] AndroidManifest.xml:20:5-44
MERGED from [android.arch.lifecycle:runtime:1.1.1] AndroidManifest.xml:20:5-44
MERGED from [com.android.support:documentfile:28.0.0] AndroidManifest.xml:20:5-44
MERGED from [com.android.support:documentfile:28.0.0] AndroidManifest.xml:20:5-44
MERGED from [com.android.support:localbroadcastmanager:28.0.0] AndroidManifest.xml:20:5-44
MERGED from [com.android.support:localbroadcastmanager:28.0.0] AndroidManifest.xml:20:5-44
MERGED from [com.android.support:print:28.0.0] AndroidManifest.xml:20:5-44
MERGED from [com.android.support:print:28.0.0] AndroidManifest.xml:20:5-44
MERGED from [com.android.support:interpolator:28.0.0] AndroidManifest.xml:20:5-44
MERGED from [com.android.support:interpolator:28.0.0] AndroidManifest.xml:20:5-44
MERGED from [android.arch.lifecycle:viewmodel:1.1.1] AndroidManifest.xml:20:5-44
MERGED from [android.arch.lifecycle:viewmodel:1.1.1] AndroidManifest.xml:20:5-44
MERGED from [android.arch.lifecycle:livedata:1.1.1] AndroidManifest.xml:20:5-44
MERGED from [android.arch.lifecycle:livedata:1.1.1] AndroidManifest.xml:20:5-44
MERGED from [android.arch.lifecycle:livedata-core:1.1.1] AndroidManifest.xml:20:5-44
MERGED from [android.arch.lifecycle:livedata-core:1.1.1] AndroidManifest.xml:20:5-44
MERGED from [android.arch.core:runtime:1.1.1] AndroidManifest.xml:20:5-44
MERGED from [android.arch.core:runtime:1.1.1] AndroidManifest.xml:20:5-44
INJECTED from src\main\AndroidManifest.xml:13:2-15:34
INJECTED from src\main\AndroidManifest.xml:13:2-15:34
	android:targetSdkVersion
		ADDED from src\main\AndroidManifest.xml:15:3-32
		INJECTED from src\main\AndroidManifest.xml
		INJECTED from src\main\AndroidManifest.xml
	android:minSdkVersion
		ADDED from src\main\AndroidManifest.xml:14:3-29
		INJECTED from src\main\AndroidManifest.xml
		MERGED from src\main\AndroidManifest.xml:14:3-29
		MERGED from src\main\AndroidManifest.xml:14:3-29
		INJECTED from src\main\AndroidManifest.xml
uses-permission#android.permission.READ_EXTERNAL_STORAGE
ADDED from src\main\AndroidManifest.xml:17:2-76
	android:name
		ADDED from src\main\AndroidManifest.xml:17:19-74
uses-permission#android.permission.WRITE_EXTERNAL_STORAGE
ADDED from src\main\AndroidManifest.xml:18:2-77
	android:name
		ADDED from src\main\AndroidManifest.xml:18:19-75
uses-permission#android.permission.INTERNET
ADDED from src\main\AndroidManifest.xml:19:2-63
	android:name
		ADDED from src\main\AndroidManifest.xml:19:19-61
application
ADDED from src\main\AndroidManifest.xml:21:2-42:16
MERGED from [com.android.support:design:28.0.0] AndroidManifest.xml:22:5-20
MERGED from [com.android.support:design:28.0.0] AndroidManifest.xml:22:5-20
MERGED from [:barcodescanner-release-2.1.6:] AndroidManifest.xml:11:5-12:19
MERGED from [:barcodescanner-release-2.1.6:] AndroidManifest.xml:11:5-12:19
MERGED from [:nativescript_barcodescanner:] AndroidManifest.xml:16:5-30:19
MERGED from [:nativescript_barcodescanner:] AndroidManifest.xml:16:5-30:19
MERGED from [:app-release:] AndroidManifest.xml:14:5-34:19
MERGED from [:app-release:] AndroidManifest.xml:14:5-34:19
MERGED from [:widgets-release:] AndroidManifest.xml:11:5-12:19
MERGED from [:widgets-release:] AndroidManifest.xml:11:5-12:19
MERGED from [com.android.support:support-compat:28.0.0] AndroidManifest.xml:22:5-94
MERGED from [com.android.support:support-compat:28.0.0] AndroidManifest.xml:22:5-94
MERGED from [com.android.support:versionedparcelable:28.0.0] AndroidManifest.xml:22:5-23:19
MERGED from [com.android.support:versionedparcelable:28.0.0] AndroidManifest.xml:22:5-23:19
	android:appComponentFactory
		ADDED from [com.android.support:support-compat:28.0.0] AndroidManifest.xml:22:18-91
	android:label
		ADDED from src\main\AndroidManifest.xml:25:3-35
	android:icon
		ADDED from src\main\AndroidManifest.xml:24:3-32
	android:allowBackup
		ADDED from src\main\AndroidManifest.xml:23:3-29
	android:theme
		ADDED from src\main\AndroidManifest.xml:26:3-34
	android:name
		ADDED from src\main\AndroidManifest.xml:22:3-49
activity#com.tns.NativeScriptActivity
ADDED from src\main\AndroidManifest.xml:28:3-40:14
	android:label
		ADDED from src\main\AndroidManifest.xml:30:4-49
	android:configChanges
		ADDED from src\main\AndroidManifest.xml:31:4-65
	android:theme
		ADDED from src\main\AndroidManifest.xml:32:4-44
	android:name
		ADDED from src\main\AndroidManifest.xml:29:4-47
meta-data#SET_THEME_ON_LAUNCH
ADDED from src\main\AndroidManifest.xml:34:4-87
	android:resource
		ADDED from src\main\AndroidManifest.xml:34:50-84
	android:name
		ADDED from src\main\AndroidManifest.xml:34:15-49
intent-filter#action:name:android.intent.action.MAIN+category:name:android.intent.category.LAUNCHER
ADDED from src\main\AndroidManifest.xml:36:4-39:20
action#android.intent.action.MAIN
ADDED from src\main\AndroidManifest.xml:37:5-57
	android:name
		ADDED from src\main\AndroidManifest.xml:37:13-54
category#android.intent.category.LAUNCHER
ADDED from src\main\AndroidManifest.xml:38:5-65
	android:name
		ADDED from src\main\AndroidManifest.xml:38:15-62
activity#com.tns.ErrorReportActivity
ADDED from src\main\AndroidManifest.xml:41:3-57
	android:name
		ADDED from src\main\AndroidManifest.xml:41:13-55
uses-permission#android.permission.CAMERA
ADDED from [:nativescript_barcodescanner:] AndroidManifest.xml:9:5-65
	android:name
		ADDED from [:nativescript_barcodescanner:] AndroidManifest.xml:9:22-62
uses-permission#android.permission.FLASHLIGHT
ADDED from [:nativescript_barcodescanner:] AndroidManifest.xml:10:5-69
	android:name
		ADDED from [:nativescript_barcodescanner:] AndroidManifest.xml:10:22-66
uses-feature#android.hardware.camera
ADDED from [:nativescript_barcodescanner:] AndroidManifest.xml:12:5-14:36
	android:required
		ADDED from [:nativescript_barcodescanner:] AndroidManifest.xml:14:9-33
	android:name
		ADDED from [:nativescript_barcodescanner:] AndroidManifest.xml:13:9-47
activity#com.google.zxing.client.android.CaptureActivity
ADDED from [:nativescript_barcodescanner:] AndroidManifest.xml:17:9-29:20
	android:clearTaskOnLaunch
		ADDED from [:nativescript_barcodescanner:] AndroidManifest.xml:19:13-45
	android:windowSoftInputMode
		ADDED from [:nativescript_barcodescanner:] AndroidManifest.xml:23:13-60
	android:exported
		ADDED from [:nativescript_barcodescanner:] AndroidManifest.xml:21:13-37
	android:configChanges
		ADDED from [:nativescript_barcodescanner:] AndroidManifest.xml:20:13-74
	android:theme
		ADDED from [:nativescript_barcodescanner:] AndroidManifest.xml:22:13-71
	android:name
		ADDED from [:nativescript_barcodescanner:] AndroidManifest.xml:18:13-75
intent-filter#action:name:com.google.zxing.client.android.SCAN+category:name:android.intent.category.DEFAULT
ADDED from [:nativescript_barcodescanner:] AndroidManifest.xml:24:13-28:29
action#com.google.zxing.client.android.SCAN
ADDED from [:nativescript_barcodescanner:] AndroidManifest.xml:25:17-79
	android:name
		ADDED from [:nativescript_barcodescanner:] AndroidManifest.xml:25:25-76
category#android.intent.category.DEFAULT
ADDED from [:nativescript_barcodescanner:] AndroidManifest.xml:27:17-76
	android:name
		ADDED from [:nativescript_barcodescanner:] AndroidManifest.xml:27:27-73
uses-permission#android.permission.RECEIVE_BOOT_COMPLETED
ADDED from [:app-release:] AndroidManifest.xml:11:5-81
	android:name
		ADDED from [:app-release:] AndroidManifest.xml:11:22-78
uses-permission#android.permission.WAKE_LOCK
ADDED from [:app-release:] AndroidManifest.xml:12:5-68
	android:name
		ADDED from [:app-release:] AndroidManifest.xml:12:22-65
service#com.telerik.localnotifications.NotificationActionReceiver
ADDED from [:app-release:] AndroidManifest.xml:15:9-17:40
	android:exported
		ADDED from [:app-release:] AndroidManifest.xml:17:13-37
	android:name
		ADDED from [:app-release:] AndroidManifest.xml:16:13-85
receiver#com.telerik.localnotifications.NotificationClearedReceiver
ADDED from [:app-release:] AndroidManifest.xml:19:9-21:40
	android:exported
		ADDED from [:app-release:] AndroidManifest.xml:21:13-37
	android:name
		ADDED from [:app-release:] AndroidManifest.xml:20:13-86
receiver#com.telerik.localnotifications.NotificationAlarmReceiver
ADDED from [:app-release:] AndroidManifest.xml:22:9-24:40
	android:exported
		ADDED from [:app-release:] AndroidManifest.xml:24:13-37
	android:name
		ADDED from [:app-release:] AndroidManifest.xml:23:13-84
receiver#com.telerik.localnotifications.NotificationRestoreReceiver
ADDED from [:app-release:] AndroidManifest.xml:25:9-33:20
	android:exported
		ADDED from [:app-release:] AndroidManifest.xml:28:13-37
	android:directBootAware
		ADDED from [:app-release:] AndroidManifest.xml:27:13-43
	android:name
		ADDED from [:app-release:] AndroidManifest.xml:26:13-86
intent-filter#action:name:android.intent.action.BOOT_COMPLETED+action:name:android.intent.action.LOCKED_BOOT_COMPLETED
ADDED from [:app-release:] AndroidManifest.xml:29:13-32:29
action#android.intent.action.LOCKED_BOOT_COMPLETED
ADDED from [:app-release:] AndroidManifest.xml:30:17-86
	android:name
		ADDED from [:app-release:] AndroidManifest.xml:30:25-83
action#android.intent.action.BOOT_COMPLETED
ADDED from [:app-release:] AndroidManifest.xml:31:17-79
	android:name
		ADDED from [:app-release:] AndroidManifest.xml:31:25-76